# PostCAD campaign queue status log
[QUEUE-NO_WORK] queue 2026-03-16T20:31:02Z
[QUEUE-NO_WORK] queue 2026-03-16T22:20:08Z
[STARTED] pilot_case_summary_surface.md 2026-03-16T22:25:02Z
[BLOCKED] pilot_case_summary_surface.md 2026-03-16T22:25:07Z
[QUEUE-BLOCKED] queue 2026-03-16T22:25:07Z
[STARTED] pilot_case_summary_surface.md 2026-03-16T22:26:16Z
[PASSED] pilot_case_summary_surface.md 2026-03-16T22:29:50Z
[STARTED] pilot_compliance_view_surface.md 2026-03-16T22:29:50Z
[PASSED] pilot_compliance_view_surface.md 2026-03-16T22:34:45Z
[STARTED] pilot_routing_rationale_surface.md 2026-03-16T22:34:45Z
[PASSED] pilot_routing_rationale_surface.md 2026-03-16T22:44:12Z
[QUEUE-PASSED] queue 2026-03-16T22:44:12Z
[STARTED] 001_pilot_operator_cheatsheet.md 2026-03-16T22:45:14Z
[PASSED] 001_pilot_operator_cheatsheet.md 2026-03-16T22:49:19Z
[STARTED] 002_pilot_artifact_paths.md 2026-03-16T22:49:19Z
[PASSED] 002_pilot_artifact_paths.md 2026-03-16T22:53:00Z
[STARTED] 003_pilot_flow_explainer.md 2026-03-16T22:53:00Z
[PASSED] 003_pilot_flow_explainer.md 2026-03-16T22:59:25Z
[STARTED] 004_pilot_demo_script.md 2026-03-16T22:59:25Z
[PASSED] 004_pilot_demo_script.md 2026-03-16T23:05:47Z
[STARTED] 005_pilot_review_checklist.md 2026-03-16T23:05:47Z
[PASSED] 005_pilot_review_checklist.md 2026-03-16T23:12:03Z
[STARTED] 006_ops_queue_doctor.md 2026-03-16T23:12:03Z
[PASSED] 006_ops_queue_doctor.md 2026-03-16T23:14:16Z
[STARTED] 007_ops_queue_snapshot.md 2026-03-16T23:14:16Z
[PASSED] 007_ops_queue_snapshot.md 2026-03-16T23:16:36Z
[STARTED] 008_ops_worker_entry_help.md 2026-03-16T23:16:36Z
[PASSED] 008_ops_worker_entry_help.md 2026-03-16T23:20:48Z
[STARTED] 009_ops_monitor_help.md 2026-03-16T23:20:48Z
[PASSED] 009_ops_monitor_help.md 2026-03-16T23:22:37Z
[STARTED] 010_pilot_surface_directory.md 2026-03-16T23:22:37Z
[PASSED] 010_pilot_surface_directory.md 2026-03-16T23:24:40Z
[QUEUE-PASSED] queue 2026-03-16T23:24:40Z
